2025-11-06 00:31:06,591 [ERROR] main: Ошибка: APIError(code=-4165): Maximum time interval is 7 days.
2025-11-06 00:31:06,596 [INFO] main: Старт обработки трейдера New_LP_Borodin
2025-11-06 00:31:07,288 [ERROR] main: Ошибка: APIError(code=-4165): Maximum time interval is 7 days.
2025-11-06 00:31:07,288 [INFO] main: Старт обработки трейдера Cap_1
2025-11-06 00:32:31,724 [ERROR] main: Ошибка: HTTPSConnectionPool(host='rest.unity.finance', port=443): Read timed out. (read timeout=15)
2025-11-06 00:32:31,724 [INFO] main: Старт обработки трейдера Cap_2
2025-11-06 00:33:39,699 [INFO] main: Конец обработки трейдера Cap_2
2025-11-06 00:33:39,700 [INFO] main: Старт обработки трейдера Peter_2
2025-11-06 00:33:40,530 [ERROR] main: Ошибка: APIError(code=-4165): Maximum time interval is 7 days.
2025-11-06 00:33:40,532 [INFO] main: Старт обработки трейдера Peter_3
2025-11-06 00:33:41,200 [ERROR] main: Ошибка: APIError(code=-4165): Maximum time interval is 7 days.
2025-11-06 00:33:41,205 [INFO] main: Синхронная обработка завершена, ожидание 10 мин
2025-11-06 00:50:41,207 [INFO] main: Запуск синхронной обработки исторических данных
2025-11-06 00:50:41,208 [INFO] main: Старт обработки трейдера Steven_Binanc
2025-11-06 00:50:42,088 [ERROR] main: Ошибка: APIError(code=-4165): Maximum time interval is 7 days.
2025-11-06 00:50:42,089 [INFO] main: Старт обработки трейдера New_LP_Borodin
2025-11-06 00:50:42,841 [ERROR] main: Ошибка: APIError(code=-4165): Maximum time interval is 7 days.
2025-11-06 00:50:42,842 [INFO] main: Старт обработки трейдера Cap_1
2025-11-06 00:52:06,883 [ERROR] main: Ошибка: HTTPSConnectionPool(host='rest.unity.finance', port=443): Read timed out. (read timeout=15)
2025-11-06 00:52:06,883 [INFO] main: Старт обработки трейдера Cap_2
2025-11-06 00:53:15,046 [INFO] main: Конец обработки трейдера Cap_2
2025-11-06 00:53:15,046 [INFO] main: Старт обработки трейдера Peter_2
2025-11-06 00:53:15,852 [ERROR] main: Ошибка: APIError(code=-4165): Maximum time interval is 7 days.
2025-11-06 00:53:15,852 [INFO] main: Старт обработки трейдера Peter_3
2025-11-06 00:53:16,517 [ERROR] main: Ошибка: APIError(code=-4165): Maximum time interval is 7 days.
2025-11-06 00:53:16,517 [INFO] main: Синхронная обработка завершена, ожидание 10 мин
2025-11-06 01:10:16,518 [INFO] main: Запуск синхронной обработки исторических данных
2025-11-06 01:10:16,520 [INFO] main: Старт обработки трейдера Steven_Binanc
2025-11-06 01:10:17,428 [ERROR] main: Ошибка: APIError(code=-4165): Maximum time interval is 7 days.
2025-11-06 01:10:17,428 [INFO] main: Старт обработки трейдера New_LP_Borodin
2025-11-06 01:10:18,132 [ERROR] main: Ошибка: APIError(code=-4165): Maximum time interval is 7 days.
2025-11-06 01:10:18,132 [INFO] main: Старт обработки трейдера Cap_1
2025-11-06 01:11:42,573 [ERROR] main: Ошибка: HTTPSConnectionPool(host='rest.unity.finance', port=443): Read timed out. (read timeout=15)
2025-11-06 01:11:42,574 [INFO] main: Старт обработки трейдера Cap_2
2025-11-06 01:12:52,063 [INFO] main: Конец обработки трейдера Cap_2
2025-11-06 01:12:52,063 [INFO] main: Старт обработки трейдера Peter_2
2025-11-06 01:12:52,854 [ERROR] main: Ошибка: APIError(code=-4165): Maximum time interval is 7 days.
2025-11-06 01:12:52,855 [INFO] main: Старт обработки трейдера Peter_3
2025-11-06 01:12:53,540 [ERROR] main: Ошибка: APIError(code=-4165): Maximum time interval is 7 days.
2025-11-06 01:12:53,540 [INFO] main: Синхронная обработка завершена, ожидание 10 мин
2025-11-06 01:29:53,542 [INFO] main: Запуск синхронной обработки исторических данных
2025-11-06 01:29:53,543 [INFO] main: Старт обработки трейдера Steven_Binanc
2025-11-06 01:29:54,888 [ERROR] main: Ошибка: APIError(code=-4165): Maximum time interval is 7 days.
2025-11-06 01:29:54,889 [INFO] main: Старт обработки трейдера New_LP_Borodin
2025-11-06 01:29:56,153 [ERROR] main: Ошибка: APIError(code=-4165): Maximum time interval is 7 days.
2025-11-06 01:29:56,154 [INFO] main: Старт обработки трейдера Cap_1
2025-11-06 01:31:19,453 [ERROR] main: Ошибка: HTTPSConnectionPool(host='rest.unity.finance', port=443): Read timed out. (read timeout=15)
2025-11-06 01:31:19,455 [INFO] main: Старт обработки трейдера Cap_2
2025-11-06 01:32:27,555 [INFO] main: Конец обработки трейдера Cap_2
2025-11-06 01:32:27,555 [INFO] main: Старт обработки трейдера Peter_2
2025-11-06 01:32:28,380 [ERROR] main: Ошибка: APIError(code=-4165): Maximum time interval is 7 days.
2025-11-06 01:32:28,380 [INFO] main: Старт обработки трейдера Peter_3
2025-11-06 01:32:29,073 [ERROR] main: Ошибка: APIError(code=-4165): Maximum time interval is 7 days.
2025-11-06 01:32:29,077 [INFO] main: Синхронная обработка завершена, ожидание 10 мин
2025-11-06 01:49:29,080 [INFO] main: Запуск синхронной обработки исторических данных
2025-11-06 01:49:29,082 [INFO] main: Старт обработки трейдера Steven_Binanc
2025-11-06 01:49:29,911 [ERROR] main: Ошибка: APIError(code=-4165): Maximum time interval is 7 days.
2025-11-06 01:49:29,912 [INFO] main: Старт обработки трейдера New_LP_Borodin
2025-11-06 01:49:30,591 [ERROR] main: Ошибка: APIError(code=-4165): Maximum time interval is 7 days.
2025-11-06 01:49:30,592 [INFO] main: Старт обработки трейдера Cap_1
2025-11-06 01:50:54,455 [ERROR] main: Ошибка: HTTPSConnectionPool(host='rest.unity.finance', port=443): Read timed out. (read timeout=15)
2025-11-06 01:50:54,455 [INFO] main: Старт обработки трейдера Cap_2
2025-11-06 01:52:04,026 [INFO] main: Конец обработки трейдера Cap_2
2025-11-06 01:52:04,026 [INFO] main: Старт обработки трейдера Peter_2
2025-11-06 01:52:04,817 [ERROR] main: Ошибка: APIError(code=-4165): Maximum time interval is 7 days.
2025-11-06 01:52:04,817 [INFO] main: Старт обработки трейдера Peter_3
2025-11-06 01:52:05,499 [ERROR] main: Ошибка: APIError(code=-4165): Maximum time interval is 7 days.
2025-11-06 01:52:05,499 [INFO] main: Синхронная обработка завершена, ожидание 10 мин
2025-11-06 02:01:02,561 [INFO] main: Завершение работы по Ctrl+C
2025-11-06 02:01:09,138 [INFO] main: Запуск синхронной обработки исторических данных
2025-11-06 02:01:09,138 [INFO] main: Старт обработки трейдера Steven_Binanc
2025-11-06 02:01:10,507 [ERROR] main: Ошибка: APIError(code=-4165): Maximum time interval is 7 days.
2025-11-06 02:01:10,508 [INFO] main: Старт обработки трейдера New_LP_Borodin
2025-11-06 02:01:11,775 [ERROR] main: Ошибка: APIError(code=-4165): Maximum time interval is 7 days.
2025-11-06 02:01:11,775 [INFO] main: Старт обработки трейдера Cap_1
2025-11-06 02:01:26,755 [INFO] main: Завершение работы по Ctrl+C
2025-11-06 02:45:54,973 [INFO] main: Запуск синхронной обработки исторических данных
2025-11-06 02:45:54,973 [INFO] main: Старт обработки трейдера Steven_Binanc
2025-11-06 02:45:55,395 [ERROR] main: Ошибка: name 'asyncio' is not defined
2025-11-06 02:45:55,395 [INFO] main: Старт обработки трейдера New_LP_Borodin
2025-11-06 02:45:55,396 [ERROR] main: Ошибка: There is no current event loop in thread 'MainThread'.
2025-11-06 02:45:55,396 [INFO] main: Старт обработки трейдера Cap_1
2025-11-06 02:45:55,397 [ERROR] main: Ошибка: There is no current event loop in thread 'MainThread'.
2025-11-06 02:45:55,398 [INFO] main: Старт обработки трейдера Cap_2
2025-11-06 02:45:55,398 [ERROR] main: Ошибка: There is no current event loop in thread 'MainThread'.
2025-11-06 02:45:55,399 [INFO] main: Старт обработки трейдера Peter_2
2025-11-06 02:45:55,399 [ERROR] main: Ошибка: There is no current event loop in thread 'MainThread'.
2025-11-06 02:45:55,400 [INFO] main: Старт обработки трейдера Peter_3
2025-11-06 02:45:55,400 [ERROR] main: Ошибка: There is no current event loop in thread 'MainThread'.
2025-11-06 02:45:55,401 [INFO] main: Синхронная обработка завершена, ожидание 10 мин
2025-11-06 02:46:49,693 [INFO] main: Завершение работы по Ctrl+C
2025-11-06 02:49:20,877 [INFO] main: Запуск синхронной обработки исторических данных
2025-11-06 02:49:20,879 [INFO] main: Старт обработки трейдера Steven_Binanc
2025-11-06 02:49:21,461 [ERROR] main: Ошибка при обработке трейдера Steven_Binanc: name 'asyncio' is not defined
2025-11-06 02:49:21,463 [ERROR] main: Traceback:
Traceback (most recent call last):
  File "c:\work_services\Binance Conector\main.py", line 99, in async_process_all_traders
    result = await db.aggregate_and_send_unsent_async(max_concurrent=10)
  File "c:\work_services\Binance Conector\create_bd.py", line 281, in aggregate_and_send_unsent_async
    semaphore = asyncio.Semaphore(max_concurrent)
NameError: name 'asyncio' is not defined

2025-11-06 02:49:21,466 [INFO] main: Старт обработки трейдера New_LP_Borodin
2025-11-06 02:49:21,807 [INFO] main: Конец обработки трейдера New_LP_Borodin. Результат: {'records': 0, 'sent': 0, 'failed': 0}
2025-11-06 02:49:21,807 [INFO] main: Старт обработки трейдера Cap_1
2025-11-06 02:49:22,140 [ERROR] main: Ошибка при обработке трейдера Cap_1: name 'asyncio' is not defined
2025-11-06 02:49:22,141 [ERROR] main: Traceback:
Traceback (most recent call last):
  File "c:\work_services\Binance Conector\main.py", line 99, in async_process_all_traders
    result = await db.aggregate_and_send_unsent_async(max_concurrent=10)
  File "c:\work_services\Binance Conector\create_bd.py", line 281, in aggregate_and_send_unsent_async
    semaphore = asyncio.Semaphore(max_concurrent)
NameError: name 'asyncio' is not defined

2025-11-06 02:49:22,142 [INFO] main: Старт обработки трейдера Cap_2
2025-11-06 02:49:22,478 [INFO] main: Конец обработки трейдера Cap_2. Результат: {'records': 0, 'sent': 0, 'failed': 0}
2025-11-06 02:49:22,478 [INFO] main: Старт обработки трейдера Peter_2
2025-11-06 02:49:22,823 [INFO] main: Конец обработки трейдера Peter_2. Результат: {'records': 0, 'sent': 0, 'failed': 0}
2025-11-06 02:49:22,824 [INFO] main: Старт обработки трейдера Peter_3
2025-11-06 02:49:23,160 [INFO] main: Конец обработки трейдера Peter_3. Результат: {'records': 0, 'sent': 0, 'failed': 0}
2025-11-06 02:49:23,163 [INFO] main: Синхронная обработка завершена, ожидание 17 мин
2025-11-06 02:49:26,782 [INFO] main: Завершение работы по Ctrl+C
2025-11-06 02:51:04,775 [INFO] main: Запуск синхронной обработки исторических данных
2025-11-06 02:51:04,777 [INFO] main: Старт обработки трейдера Steven_Binanc
2025-11-06 02:51:23,134 [INFO] main: Завершение работы по Ctrl+C
2025-11-06 02:56:37,165 [INFO] main: Запуск синхронной обработки исторических данных
2025-11-06 02:56:37,168 [INFO] main: Старт обработки трейдера Steven_Binanc
2025-11-06 02:59:01,034 [INFO] main: Завершение работы по Ctrl+C
2025-11-06 03:09:34,569 [INFO] main: Запуск синхронной обработки исторических данных
2025-11-06 03:09:34,570 [INFO] main: Старт обработки трейдера Steven_Binanc
2025-11-06 03:09:50,881 [INFO] main: Конец обработки трейдера Steven_Binanc. Результат: {'records': 1, 'sent': 0, 'failed': 1}
2025-11-06 03:09:50,881 [INFO] main: Старт обработки трейдера New_LP_Borodin
2025-11-06 03:09:51,231 [INFO] main: Конец обработки трейдера New_LP_Borodin. Результат: {'records': 0, 'sent': 0, 'failed': 0}
2025-11-06 03:09:51,231 [INFO] main: Старт обработки трейдера Cap_1
2025-11-06 03:10:06,881 [INFO] main: Конец обработки трейдера Cap_1. Результат: {'records': 1, 'sent': 0, 'failed': 1}
2025-11-06 03:10:06,882 [INFO] main: Старт обработки трейдера Cap_2
2025-11-06 03:10:07,238 [INFO] main: Конец обработки трейдера Cap_2. Результат: {'records': 0, 'sent': 0, 'failed': 0}
2025-11-06 03:10:07,239 [INFO] main: Старт обработки трейдера Peter_2
2025-11-06 03:10:07,576 [INFO] main: Конец обработки трейдера Peter_2. Результат: {'records': 0, 'sent': 0, 'failed': 0}
2025-11-06 03:10:07,577 [INFO] main: Старт обработки трейдера Peter_3
2025-11-06 03:10:07,916 [INFO] main: Конец обработки трейдера Peter_3. Результат: {'records': 0, 'sent': 0, 'failed': 0}
2025-11-06 03:10:07,921 [INFO] main: Синхронная обработка завершена, ожидание 17 мин
2025-11-06 03:11:52,050 [INFO] main: Завершение работы по Ctrl+C
2025-11-06 03:23:24,615 [INFO] main: Запуск синхронной обработки исторических данных
2025-11-06 03:23:24,616 [INFO] main: Старт обработки трейдера Steven_Binanc
2025-11-06 03:23:35,865 [INFO] main: Конец обработки трейдера Steven_Binanc. Результат: {'records': 1, 'sent': 1, 'failed': 0}
2025-11-06 03:23:35,867 [INFO] main: Старт обработки трейдера New_LP_Borodin
2025-11-06 03:23:36,217 [INFO] main: Конец обработки трейдера New_LP_Borodin. Результат: {'records': 0, 'sent': 0, 'failed': 0}
2025-11-06 03:23:36,217 [INFO] main: Старт обработки трейдера Cap_1
2025-11-06 03:23:36,891 [INFO] main: Конец обработки трейдера Cap_1. Результат: {'records': 1, 'sent': 1, 'failed': 0}
2025-11-06 03:23:36,891 [INFO] main: Старт обработки трейдера Cap_2
2025-11-06 03:23:37,245 [INFO] main: Конец обработки трейдера Cap_2. Результат: {'records': 0, 'sent': 0, 'failed': 0}
2025-11-06 03:23:37,245 [INFO] main: Старт обработки трейдера Peter_2
2025-11-06 03:23:37,584 [INFO] main: Конец обработки трейдера Peter_2. Результат: {'records': 0, 'sent': 0, 'failed': 0}
2025-11-06 03:23:37,584 [INFO] main: Старт обработки трейдера Peter_3
2025-11-06 03:23:37,927 [INFO] main: Конец обработки трейдера Peter_3. Результат: {'records': 0, 'sent': 0, 'failed': 0}
2025-11-06 03:23:37,931 [INFO] main: Синхронная обработка завершена, ожидание 17 мин
2025-11-06 03:24:24,423 [INFO] main: Завершение работы по Ctrl+C
2025-11-06 03:24:56,184 [INFO] main: Запуск синхронной обработки исторических данных
2025-11-06 03:24:56,185 [INFO] main: Старт обработки трейдера Steven_Binanc
2025-11-06 03:25:32,025 [INFO] main: Завершение работы по Ctrl+C
2025-11-06 03:49:43,324 [INFO] main: Запуск синхронной обработки исторических данных
2025-11-06 03:49:43,325 [INFO] main: Старт обработки трейдера Steven_Binanc
2025-11-06 03:51:56,228 [ERROR] main: Ошибка: HTTPSConnectionPool(host='rest.unity.finance', port=443): Read timed out. (read timeout=15)
2025-11-06 03:51:56,228 [INFO] main: Старт обработки трейдера New_LP_Borodin
2025-11-06 03:52:35,247 [INFO] main: Конец обработки трейдера New_LP_Borodin
2025-11-06 03:52:35,247 [INFO] main: Старт обработки трейдера Cap_1
2025-11-06 03:52:58,329 [INFO] main: Завершение работы по Ctrl+C
2025-11-06 04:00:13,682 [INFO] main: Запуск синхронной обработки исторических данных
2025-11-06 04:00:13,682 [INFO] main: Старт обработки трейдера Steven_Binanc
2025-11-06 04:05:04,850 [ERROR] main: Ошибка: HTTPSConnectionPool(host='rest.unity.finance', port=443): Read timed out. (read timeout=15)
2025-11-06 04:05:04,850 [INFO] main: Старт обработки трейдера New_LP_Borodin
2025-11-06 04:05:41,712 [INFO] main: Конец обработки трейдера New_LP_Borodin
2025-11-06 04:05:41,712 [INFO] main: Старт обработки трейдера Cap_1
2025-11-06 04:07:06,182 [ERROR] main: Ошибка: HTTPSConnectionPool(host='rest.unity.finance', port=443): Read timed out. (read timeout=15)
2025-11-06 04:07:06,183 [INFO] main: Старт обработки трейдера Cap_2
2025-11-06 04:08:48,700 [ERROR] main: Ошибка: HTTPSConnectionPool(host='rest.unity.finance', port=443): Read timed out. (read timeout=15)
2025-11-06 04:08:48,701 [INFO] main: Старт обработки трейдера Peter_2
2025-11-06 04:09:27,739 [INFO] main: Конец обработки трейдера Peter_2
2025-11-06 04:09:27,740 [INFO] main: Старт обработки трейдера Peter_3
2025-11-06 04:10:06,176 [INFO] main: Конец обработки трейдера Peter_3
2025-11-06 04:10:06,177 [INFO] main: Синхронная обработка завершена, ожидание 10 мин
2025-11-06 04:15:06,179 [INFO] main: Запуск синхронной обработки исторических данных
2025-11-06 04:15:06,181 [INFO] main: Старт обработки трейдера Steven_Binanc
2025-11-06 04:19:42,096 [ERROR] main: Ошибка: HTTPSConnectionPool(host='rest.unity.finance', port=443): Read timed out. (read timeout=15)
2025-11-06 04:19:42,097 [INFO] main: Старт обработки трейдера New_LP_Borodin
2025-11-06 04:20:20,973 [INFO] main: Конец обработки трейдера New_LP_Borodin
2025-11-06 04:20:20,973 [INFO] main: Старт обработки трейдера Cap_1
2025-11-06 04:21:49,245 [ERROR] main: Ошибка: HTTPSConnectionPool(host='rest.unity.finance', port=443): Read timed out. (read timeout=15)
2025-11-06 04:21:49,246 [INFO] main: Старт обработки трейдера Cap_2
2025-11-06 04:23:26,372 [ERROR] main: Ошибка: HTTPSConnectionPool(host='rest.unity.finance', port=443): Read timed out. (read timeout=15)
2025-11-06 04:23:26,372 [INFO] main: Старт обработки трейдера Peter_2
2025-11-06 04:24:03,034 [INFO] main: Конец обработки трейдера Peter_2
2025-11-06 04:24:03,034 [INFO] main: Старт обработки трейдера Peter_3
2025-11-06 04:24:38,477 [INFO] main: Конец обработки трейдера Peter_3
2025-11-06 04:24:38,478 [INFO] main: Синхронная обработка завершена, ожидание 10 мин
2025-11-06 04:29:38,481 [INFO] main: Запуск синхронной обработки исторических данных
2025-11-06 04:29:38,482 [INFO] main: Старт обработки трейдера Steven_Binanc
2025-11-06 04:34:05,365 [ERROR] main: Ошибка: HTTPSConnectionPool(host='rest.unity.finance', port=443): Read timed out. (read timeout=15)
2025-11-06 04:34:05,366 [INFO] main: Старт обработки трейдера New_LP_Borodin
2025-11-06 04:34:49,473 [INFO] main: Конец обработки трейдера New_LP_Borodin
2025-11-06 04:34:49,473 [INFO] main: Старт обработки трейдера Cap_1
2025-11-06 04:36:35,006 [ERROR] main: Ошибка: HTTPSConnectionPool(host='rest.unity.finance', port=443): Read timed out. (read timeout=15)
2025-11-06 04:36:35,007 [INFO] main: Старт обработки трейдера Cap_2
2025-11-06 04:41:46,709 [ERROR] main: Ошибка: HTTPSConnectionPool(host='rest.unity.finance', port=443): Read timed out. (read timeout=15)
2025-11-06 04:41:46,709 [INFO] main: Старт обработки трейдера Peter_2
2025-11-06 04:42:26,334 [INFO] main: Конец обработки трейдера Peter_2
2025-11-06 04:42:26,335 [INFO] main: Старт обработки трейдера Peter_3
2025-11-06 04:43:06,792 [INFO] main: Конец обработки трейдера Peter_3
2025-11-06 04:43:06,797 [INFO] main: Синхронная обработка завершена, ожидание 10 мин
2025-11-06 04:48:06,800 [INFO] main: Запуск синхронной обработки исторических данных
2025-11-06 04:48:06,802 [INFO] main: Старт обработки трейдера Steven_Binanc
2025-11-06 04:52:54,483 [ERROR] main: Ошибка: HTTPSConnectionPool(host='rest.unity.finance', port=443): Read timed out. (read timeout=15)
2025-11-06 04:52:54,484 [INFO] main: Старт обработки трейдера New_LP_Borodin
2025-11-06 04:53:38,743 [INFO] main: Конец обработки трейдера New_LP_Borodin
2025-11-06 04:53:38,743 [INFO] main: Старт обработки трейдера Cap_1
2025-11-06 04:57:25,496 [ERROR] main: Ошибка: HTTPSConnectionPool(host='rest.unity.finance', port=443): Read timed out. (read timeout=15)
2025-11-06 04:57:25,497 [INFO] main: Старт обработки трейдера Cap_2
2025-11-06 04:58:56,367 [ERROR] main: Ошибка: HTTPSConnectionPool(host='rest.unity.finance', port=443): Read timed out. (read timeout=15)
2025-11-06 04:58:56,368 [INFO] main: Старт обработки трейдера Peter_2
2025-11-06 04:59:35,314 [INFO] main: Конец обработки трейдера Peter_2
2025-11-06 04:59:35,314 [INFO] main: Старт обработки трейдера Peter_3
2025-11-06 05:00:19,377 [INFO] main: Конец обработки трейдера Peter_3
2025-11-06 05:00:19,377 [INFO] main: Синхронная обработка завершена, ожидание 10 мин
2025-11-06 05:05:19,378 [INFO] main: Запуск синхронной обработки исторических данных
2025-11-06 05:05:19,379 [INFO] main: Старт обработки трейдера Steven_Binanc
2025-11-06 05:09:51,120 [ERROR] main: Ошибка: HTTPSConnectionPool(host='rest.unity.finance', port=443): Read timed out. (read timeout=15)
2025-11-06 05:09:51,121 [INFO] main: Старт обработки трейдера New_LP_Borodin
2025-11-06 05:10:28,717 [INFO] main: Конец обработки трейдера New_LP_Borodin
2025-11-06 05:10:28,718 [INFO] main: Старт обработки трейдера Cap_1
2025-11-06 05:11:52,218 [ERROR] main: Ошибка: HTTPSConnectionPool(host='rest.unity.finance', port=443): Read timed out. (read timeout=15)
2025-11-06 05:11:52,218 [INFO] main: Старт обработки трейдера Cap_2
2025-11-06 05:13:24,087 [ERROR] main: Ошибка: HTTPSConnectionPool(host='rest.unity.finance', port=443): Read timed out. (read timeout=15)
2025-11-06 05:13:24,087 [INFO] main: Старт обработки трейдера Peter_2
2025-11-06 05:14:00,519 [INFO] main: Конец обработки трейдера Peter_2
2025-11-06 05:14:00,520 [INFO] main: Старт обработки трейдера Peter_3
2025-11-06 05:14:37,686 [INFO] main: Конец обработки трейдера Peter_3
2025-11-06 05:14:37,686 [INFO] main: Синхронная обработка завершена, ожидание 10 мин
2025-11-06 05:19:37,686 [INFO] main: Запуск синхронной обработки исторических данных
2025-11-06 05:19:37,688 [INFO] main: Старт обработки трейдера Steven_Binanc
2025-11-06 05:24:08,330 [ERROR] main: Ошибка: HTTPSConnectionPool(host='rest.unity.finance', port=443): Read timed out. (read timeout=15)
2025-11-06 05:24:08,330 [INFO] main: Старт обработки трейдера New_LP_Borodin
2025-11-06 05:24:45,543 [INFO] main: Конец обработки трейдера New_LP_Borodin
2025-11-06 05:24:45,543 [INFO] main: Старт обработки трейдера Cap_1
2025-11-06 05:33:31,313 [ERROR] main: Ошибка: HTTPSConnectionPool(host='rest.unity.finance', port=443): Read timed out. (read timeout=15)
2025-11-06 05:33:31,315 [INFO] main: Старт обработки трейдера Cap_2
2025-11-06 05:35:04,566 [ERROR] main: Ошибка: HTTPSConnectionPool(host='rest.unity.finance', port=443): Read timed out. (read timeout=15)
2025-11-06 05:35:04,567 [INFO] main: Старт обработки трейдера Peter_2
2025-11-06 05:35:42,355 [INFO] main: Конец обработки трейдера Peter_2
2025-11-06 05:35:42,357 [INFO] main: Старт обработки трейдера Peter_3
2025-11-06 05:36:18,978 [INFO] main: Конец обработки трейдера Peter_3
2025-11-06 05:36:18,979 [INFO] main: Синхронная обработка завершена, ожидание 10 мин
2025-11-06 05:41:18,980 [INFO] main: Запуск синхронной обработки исторических данных
2025-11-06 05:41:18,982 [INFO] main: Старт обработки трейдера Steven_Binanc
2025-11-06 05:56:42,504 [ERROR] main: Ошибка: HTTPSConnectionPool(host='rest.unity.finance', port=443): Read timed out. (read timeout=15)
2025-11-06 05:56:42,504 [INFO] main: Старт обработки трейдера New_LP_Borodin
2025-11-06 05:57:18,699 [INFO] main: Конец обработки трейдера New_LP_Borodin
2025-11-06 05:57:18,700 [INFO] main: Старт обработки трейдера Cap_1
2025-11-06 05:58:41,218 [ERROR] main: Ошибка: HTTPSConnectionPool(host='rest.unity.finance', port=443): Read timed out. (read timeout=15)
2025-11-06 05:58:41,218 [INFO] main: Старт обработки трейдера Cap_2
2025-11-06 06:00:10,418 [ERROR] main: Ошибка: HTTPSConnectionPool(host='rest.unity.finance', port=443): Read timed out. (read timeout=15)
2025-11-06 06:00:10,419 [INFO] main: Старт обработки трейдера Peter_2
2025-11-06 06:00:45,746 [INFO] main: Конец обработки трейдера Peter_2
2025-11-06 06:00:45,747 [INFO] main: Старт обработки трейдера Peter_3
2025-11-06 06:01:21,675 [INFO] main: Конец обработки трейдера Peter_3
2025-11-06 06:01:21,676 [INFO] main: Синхронная обработка завершена, ожидание 10 мин
2025-11-06 06:06:21,678 [INFO] main: Запуск синхронной обработки исторических данных
2025-11-06 06:06:21,679 [INFO] main: Старт обработки трейдера Steven_Binanc
2025-11-06 06:10:56,476 [ERROR] main: Ошибка: HTTPSConnectionPool(host='rest.unity.finance', port=443): Read timed out. (read timeout=15)
2025-11-06 06:10:56,476 [INFO] main: Старт обработки трейдера New_LP_Borodin
2025-11-06 06:11:33,245 [INFO] main: Конец обработки трейдера New_LP_Borodin
2025-11-06 06:11:33,247 [INFO] main: Старт обработки трейдера Cap_1
2025-11-06 06:12:58,213 [ERROR] main: Ошибка: HTTPSConnectionPool(host='rest.unity.finance', port=443): Read timed out. (read timeout=15)
2025-11-06 06:12:58,213 [INFO] main: Старт обработки трейдера Cap_2
2025-11-06 06:14:30,509 [ERROR] main: Ошибка: HTTPSConnectionPool(host='rest.unity.finance', port=443): Read timed out. (read timeout=15)
2025-11-06 06:14:30,509 [INFO] main: Старт обработки трейдера Peter_2
2025-11-06 06:15:08,287 [INFO] main: Конец обработки трейдера Peter_2
2025-11-06 06:15:08,287 [INFO] main: Старт обработки трейдера Peter_3
2025-11-06 06:15:46,545 [INFO] main: Конец обработки трейдера Peter_3
2025-11-06 06:15:46,545 [INFO] main: Синхронная обработка завершена, ожидание 10 мин
2025-11-06 06:20:46,547 [INFO] main: Запуск синхронной обработки исторических данных
2025-11-06 06:20:46,548 [INFO] main: Старт обработки трейдера Steven_Binanc
2025-11-06 06:31:15,971 [ERROR] main: Ошибка: HTTPSConnectionPool(host='rest.unity.finance', port=443): Read timed out. (read timeout=15)
2025-11-06 06:31:15,973 [INFO] main: Старт обработки трейдера New_LP_Borodin
2025-11-06 06:31:53,441 [INFO] main: Конец обработки трейдера New_LP_Borodin
2025-11-06 06:31:53,442 [INFO] main: Старт обработки трейдера Cap_1
2025-11-06 06:33:14,747 [ERROR] main: Ошибка: HTTPSConnectionPool(host='rest.unity.finance', port=443): Read timed out. (read timeout=15)
2025-11-06 06:33:14,748 [INFO] main: Старт обработки трейдера Cap_2
2025-11-06 06:34:44,483 [ERROR] main: Ошибка: HTTPSConnectionPool(host='rest.unity.finance', port=443): Read timed out. (read timeout=15)
2025-11-06 06:34:44,484 [INFO] main: Старт обработки трейдера Peter_2
2025-11-06 06:35:22,922 [INFO] main: Конец обработки трейдера Peter_2
2025-11-06 06:35:22,923 [INFO] main: Старт обработки трейдера Peter_3
2025-11-06 06:35:58,979 [INFO] main: Конец обработки трейдера Peter_3
2025-11-06 06:35:58,979 [INFO] main: Синхронная обработка завершена, ожидание 10 мин
2025-11-06 06:40:58,981 [INFO] main: Запуск синхронной обработки исторических данных
2025-11-06 06:40:58,983 [INFO] main: Старт обработки трейдера Steven_Binanc
2025-11-06 06:49:26,713 [ERROR] main: Ошибка: HTTPSConnectionPool(host='rest.unity.finance', port=443): Read timed out. (read timeout=15)
2025-11-06 06:49:26,714 [INFO] main: Старт обработки трейдера New_LP_Borodin
2025-11-06 06:50:07,533 [INFO] main: Конец обработки трейдера New_LP_Borodin
2025-11-06 06:50:07,533 [INFO] main: Старт обработки трейдера Cap_1
2025-11-06 06:51:57,832 [ERROR] main: Ошибка: HTTPSConnectionPool(host='rest.unity.finance', port=443): Read timed out. (read timeout=15)
2025-11-06 06:51:57,833 [INFO] main: Старт обработки трейдера Cap_2
2025-11-06 06:53:29,506 [ERROR] main: Ошибка: HTTPSConnectionPool(host='rest.unity.finance', port=443): Read timed out. (read timeout=15)
2025-11-06 06:53:29,507 [INFO] main: Старт обработки трейдера Peter_2
2025-11-06 06:54:05,609 [INFO] main: Конец обработки трейдера Peter_2
2025-11-06 06:54:05,609 [INFO] main: Старт обработки трейдера Peter_3
2025-11-06 06:54:40,903 [INFO] main: Конец обработки трейдера Peter_3
2025-11-06 06:54:40,904 [INFO] main: Синхронная обработка завершена, ожидание 10 мин
2025-11-06 06:59:40,906 [INFO] main: Запуск синхронной обработки исторических данных
2025-11-06 06:59:40,908 [INFO] main: Старт обработки трейдера Steven_Binanc
2025-11-06 07:03:38,984 [INFO] main: Завершение работы по Ctrl+C
2025-11-07 02:13:26,541 [INFO] main: Запуск синхронной обработки исторических данных
2025-11-07 02:13:26,541 [INFO] main: Старт обработки трейдера Steven_Binanc
2025-11-07 02:19:05,003 [ERROR] main: Ошибка: HTTPSConnectionPool(host='rest.unity.finance', port=443): Read timed out. (read timeout=15)
2025-11-07 02:19:05,004 [INFO] main: Старт обработки трейдера New_LP_Borodin
2025-11-07 02:19:40,835 [INFO] main: Конец обработки трейдера New_LP_Borodin
2025-11-07 02:19:40,836 [INFO] main: Старт обработки трейдера Cap_1
2025-11-07 02:21:05,034 [ERROR] main: Ошибка: HTTPSConnectionPool(host='rest.unity.finance', port=443): Read timed out. (read timeout=15)
2025-11-07 02:21:05,034 [INFO] main: Старт обработки трейдера Cap_2
2025-11-07 02:22:39,881 [ERROR] main: Ошибка: HTTPSConnectionPool(host='rest.unity.finance', port=443): Read timed out. (read timeout=15)
2025-11-07 02:22:39,881 [INFO] main: Старт обработки трейдера Peter_2
2025-11-07 02:23:17,537 [INFO] main: Конец обработки трейдера Peter_2
2025-11-07 02:23:17,537 [INFO] main: Старт обработки трейдера Peter_3
2025-11-07 02:23:53,208 [INFO] main: Конец обработки трейдера Peter_3
2025-11-07 02:23:53,216 [INFO] main: Синхронная обработка завершена, ожидание 10 мин
2025-11-07 02:28:53,219 [INFO] main: Запуск синхронной обработки исторических данных
2025-11-07 02:28:53,220 [INFO] main: Старт обработки трейдера Steven_Binanc
2025-11-07 02:33:34,376 [ERROR] main: Ошибка: HTTPSConnectionPool(host='rest.unity.finance', port=443): Read timed out. (read timeout=15)
2025-11-07 02:33:34,376 [INFO] main: Старт обработки трейдера New_LP_Borodin
2025-11-07 02:34:11,283 [INFO] main: Конец обработки трейдера New_LP_Borodin
2025-11-07 02:34:11,283 [INFO] main: Старт обработки трейдера Cap_1
2025-11-07 02:35:34,776 [ERROR] main: Ошибка: HTTPSConnectionPool(host='rest.unity.finance', port=443): Read timed out. (read timeout=15)
2025-11-07 02:35:34,777 [INFO] main: Старт обработки трейдера Cap_2
2025-11-07 02:37:08,211 [ERROR] main: Ошибка: HTTPSConnectionPool(host='rest.unity.finance', port=443): Read timed out. (read timeout=15)
2025-11-07 02:37:08,212 [INFO] main: Старт обработки трейдера Peter_2
2025-11-07 02:37:45,528 [INFO] main: Конец обработки трейдера Peter_2
2025-11-07 02:37:45,529 [INFO] main: Старт обработки трейдера Peter_3
2025-11-07 02:38:21,704 [INFO] main: Конец обработки трейдера Peter_3
2025-11-07 02:38:21,709 [INFO] main: Синхронная обработка завершена, ожидание 10 мин
2025-11-07 02:43:21,710 [INFO] main: Запуск синхронной обработки исторических данных
2025-11-07 02:43:21,712 [INFO] main: Старт обработки трейдера Steven_Binanc
2025-11-07 02:47:43,833 [ERROR] main: Ошибка: HTTPSConnectionPool(host='rest.unity.finance', port=443): Read timed out. (read timeout=15)
2025-11-07 02:47:43,834 [INFO] main: Старт обработки трейдера New_LP_Borodin
2025-11-07 02:48:21,983 [INFO] main: Конец обработки трейдера New_LP_Borodin
2025-11-07 02:48:21,983 [INFO] main: Старт обработки трейдера Cap_1
2025-11-07 02:49:46,563 [ERROR] main: Ошибка: HTTPSConnectionPool(host='rest.unity.finance', port=443): Read timed out. (read timeout=15)
2025-11-07 02:49:46,564 [INFO] main: Старт обработки трейдера Cap_2
2025-11-07 02:51:18,140 [ERROR] main: Ошибка: HTTPSConnectionPool(host='rest.unity.finance', port=443): Read timed out. (read timeout=15)
2025-11-07 02:51:18,141 [INFO] main: Старт обработки трейдера Peter_2
2025-11-07 02:51:53,508 [INFO] main: Конец обработки трейдера Peter_2
2025-11-07 02:51:53,509 [INFO] main: Старт обработки трейдера Peter_3
2025-11-07 02:52:30,190 [INFO] main: Конец обработки трейдера Peter_3
2025-11-07 02:52:30,198 [INFO] main: Синхронная обработка завершена, ожидание 10 мин
2025-11-07 02:57:30,199 [INFO] main: Запуск синхронной обработки исторических данных
2025-11-07 02:57:30,200 [INFO] main: Старт обработки трейдера Steven_Binanc
2025-11-07 03:01:58,761 [ERROR] main: Ошибка: HTTPSConnectionPool(host='rest.unity.finance', port=443): Read timed out. (read timeout=15)
2025-11-07 03:01:58,761 [INFO] main: Старт обработки трейдера New_LP_Borodin
2025-11-07 03:02:33,618 [INFO] main: Конец обработки трейдера New_LP_Borodin
2025-11-07 03:02:33,620 [INFO] main: Старт обработки трейдера Cap_1
2025-11-07 03:03:58,009 [ERROR] main: Ошибка: HTTPSConnectionPool(host='rest.unity.finance', port=443): Read timed out. (read timeout=15)
2025-11-07 03:03:58,010 [INFO] main: Старт обработки трейдера Cap_2
2025-11-07 03:05:32,434 [ERROR] main: Ошибка: HTTPSConnectionPool(host='rest.unity.finance', port=443): Read timed out. (read timeout=15)
2025-11-07 03:05:32,434 [INFO] main: Старт обработки трейдера Peter_2
2025-11-07 03:06:08,225 [INFO] main: Конец обработки трейдера Peter_2
2025-11-07 03:06:08,226 [INFO] main: Старт обработки трейдера Peter_3
2025-11-07 03:06:43,069 [INFO] main: Конец обработки трейдера Peter_3
2025-11-07 03:06:43,073 [INFO] main: Синхронная обработка завершена, ожидание 10 мин
2025-11-07 03:11:43,075 [INFO] main: Запуск синхронной обработки исторических данных
2025-11-07 03:11:43,077 [INFO] main: Старт обработки трейдера Steven_Binanc
2025-11-07 03:16:31,696 [ERROR] main: Ошибка: HTTPSConnectionPool(host='rest.unity.finance', port=443): Read timed out. (read timeout=15)
2025-11-07 03:16:31,697 [INFO] main: Старт обработки трейдера New_LP_Borodin
2025-11-07 03:17:08,886 [INFO] main: Конец обработки трейдера New_LP_Borodin
2025-11-07 03:17:08,887 [INFO] main: Старт обработки трейдера Cap_1
2025-11-07 03:18:57,193 [ERROR] main: Ошибка: HTTPSConnectionPool(host='rest.unity.finance', port=443): Read timed out. (read timeout=15)
2025-11-07 03:18:57,194 [INFO] main: Старт обработки трейдера Cap_2
2025-11-07 03:20:31,115 [ERROR] main: Ошибка: HTTPSConnectionPool(host='rest.unity.finance', port=443): Read timed out. (read timeout=15)
2025-11-07 03:20:31,116 [INFO] main: Старт обработки трейдера Peter_2
2025-11-07 03:21:08,138 [INFO] main: Конец обработки трейдера Peter_2
2025-11-07 03:21:08,139 [INFO] main: Старт обработки трейдера Peter_3
2025-11-07 03:21:45,040 [INFO] main: Конец обработки трейдера Peter_3
2025-11-07 03:21:45,052 [INFO] main: Синхронная обработка завершена, ожидание 10 мин
2025-11-07 03:26:45,054 [INFO] main: Запуск синхронной обработки исторических данных
2025-11-07 03:26:45,055 [INFO] main: Старт обработки трейдера Steven_Binanc
2025-11-07 03:31:35,765 [ERROR] main: Ошибка: HTTPSConnectionPool(host='rest.unity.finance', port=443): Read timed out. (read timeout=15)
2025-11-07 03:31:35,767 [INFO] main: Старт обработки трейдера New_LP_Borodin
2025-11-07 03:32:12,963 [INFO] main: Конец обработки трейдера New_LP_Borodin
2025-11-07 03:32:12,963 [INFO] main: Старт обработки трейдера Cap_1
2025-11-07 03:33:36,240 [ERROR] main: Ошибка: HTTPSConnectionPool(host='rest.unity.finance', port=443): Read timed out. (read timeout=15)
2025-11-07 03:33:36,240 [INFO] main: Старт обработки трейдера Cap_2
2025-11-07 03:35:10,009 [ERROR] main: Ошибка: HTTPSConnectionPool(host='rest.unity.finance', port=443): Read timed out. (read timeout=15)
2025-11-07 03:35:10,011 [INFO] main: Старт обработки трейдера Peter_2
2025-11-07 03:35:48,578 [INFO] main: Конец обработки трейдера Peter_2
2025-11-07 03:35:48,579 [INFO] main: Старт обработки трейдера Peter_3
2025-11-07 03:36:23,933 [INFO] main: Конец обработки трейдера Peter_3
2025-11-07 03:36:23,938 [INFO] main: Синхронная обработка завершена, ожидание 10 мин
2025-11-07 03:41:23,937 [INFO] main: Запуск синхронной обработки исторических данных
2025-11-07 03:41:23,938 [INFO] main: Старт обработки трейдера Steven_Binanc
2025-11-07 03:47:32,570 [ERROR] main: Ошибка: HTTPSConnectionPool(host='rest.unity.finance', port=443): Read timed out. (read timeout=15)
2025-11-07 03:47:32,571 [INFO] main: Старт обработки трейдера New_LP_Borodin
2025-11-07 03:48:08,584 [INFO] main: Конец обработки трейдера New_LP_Borodin
2025-11-07 03:48:08,586 [INFO] main: Старт обработки трейдера Cap_1
2025-11-07 03:49:31,771 [ERROR] main: Ошибка: HTTPSConnectionPool(host='rest.unity.finance', port=443): Read timed out. (read timeout=15)
2025-11-07 03:49:31,771 [INFO] main: Старт обработки трейдера Cap_2
2025-11-07 03:51:04,814 [ERROR] main: Ошибка: HTTPSConnectionPool(host='rest.unity.finance', port=443): Read timed out. (read timeout=15)
2025-11-07 03:51:04,814 [INFO] main: Старт обработки трейдера Peter_2
2025-11-07 03:51:40,060 [INFO] main: Конец обработки трейдера Peter_2
2025-11-07 03:51:40,061 [INFO] main: Старт обработки трейдера Peter_3
2025-11-07 03:52:16,963 [INFO] main: Конец обработки трейдера Peter_3
2025-11-07 03:52:16,970 [INFO] main: Синхронная обработка завершена, ожидание 10 мин
2025-11-07 03:57:16,971 [INFO] main: Запуск синхронной обработки исторических данных
2025-11-07 03:57:16,972 [INFO] main: Старт обработки трейдера Steven_Binanc
2025-11-11 00:13:27,178 [INFO] main: Завершение работы по Ctrl+C
2025-11-11 00:14:37,791 [INFO] main: Запуск синхронной обработки исторических данных
2025-11-11 00:14:37,807 [INFO] main: Старт обработки трейдера Steven_Binanc
2025-11-11 00:19:59,763 [INFO] main: Конец обработки трейдера Steven_Binanc
2025-11-11 00:19:59,763 [INFO] main: Старт обработки трейдера New_LP_Borodin
2025-11-11 00:20:35,122 [INFO] main: Конец обработки трейдера New_LP_Borodin
2025-11-11 00:20:35,122 [INFO] main: Старт обработки трейдера Cap_1
2025-11-11 00:21:54,809 [INFO] main: Конец обработки трейдера Cap_1
2025-11-11 00:21:54,809 [INFO] main: Старт обработки трейдера Cap_2
2025-11-11 00:22:35,498 [INFO] main: Запуск синхронной обработки исторических данных
2025-11-11 00:22:35,499 [INFO] main: Старт обработки трейдера Steven_Binanc
2025-11-11 00:27:54,518 [INFO] main: Конец обработки трейдера Steven_Binanc
2025-11-11 00:27:54,518 [INFO] main: Старт обработки трейдера New_LP_Borodin
2025-11-11 00:28:30,018 [INFO] main: Конец обработки трейдера New_LP_Borodin
2025-11-11 00:28:30,018 [INFO] main: Старт обработки трейдера Cap_1
2025-11-11 00:29:48,413 [INFO] main: Конец обработки трейдера Cap_1
2025-11-11 00:29:48,413 [INFO] main: Старт обработки трейдера Cap_2
2025-11-11 00:31:20,569 [INFO] main: Конец обработки трейдера Cap_2
2025-11-11 00:31:20,569 [INFO] main: Старт обработки трейдера Peter_2
2025-11-11 00:31:54,288 [INFO] main: Конец обработки трейдера Peter_2
2025-11-11 00:31:54,288 [INFO] main: Старт обработки трейдера Peter_3
2025-11-11 00:32:29,460 [INFO] main: Конец обработки трейдера Peter_3
2025-11-11 00:32:29,460 [INFO] main: Синхронная обработка завершена, ожидание 10 мин
2025-11-11 00:37:29,475 [INFO] main: Запуск синхронной обработки исторических данных
2025-11-11 00:37:29,475 [INFO] main: Старт обработки трейдера Steven_Binanc
2025-11-11 00:42:49,932 [INFO] main: Конец обработки трейдера Steven_Binanc
2025-11-11 00:42:49,932 [INFO] main: Старт обработки трейдера New_LP_Borodin
2025-11-11 00:43:25,172 [INFO] main: Конец обработки трейдера New_LP_Borodin
2025-11-11 00:43:25,172 [INFO] main: Старт обработки трейдера Cap_1
2025-11-11 00:44:43,937 [INFO] main: Конец обработки трейдера Cap_1
2025-11-11 00:44:43,937 [INFO] main: Старт обработки трейдера Cap_2
2025-11-11 00:46:50,718 [ERROR] main: Ошибка: HTTPSConnectionPool(host='rest.unity.finance', port=443): Read timed out. (read timeout=15)
2025-11-11 00:46:50,720 [INFO] main: Старт обработки трейдера Peter_2
2025-11-11 00:47:28,314 [INFO] main: Конец обработки трейдера Peter_2
2025-11-11 00:47:28,315 [INFO] main: Старт обработки трейдера Peter_3
2025-11-11 00:48:02,844 [INFO] main: Конец обработки трейдера Peter_3
2025-11-11 00:48:02,845 [INFO] main: Синхронная обработка завершена, ожидание 10 мин
2025-11-11 00:50:28,154 [INFO] main: Завершение работы по Ctrl+C
2025-11-11 01:02:45,566 [INFO] main: Запуск синхронной обработки исторических данных
2025-11-11 01:02:45,567 [INFO] main: Старт обработки трейдера Steven_Binanc
2025-11-11 01:13:08,078 [INFO] main: Конец обработки трейдера Steven_Binanc
2025-11-11 01:13:08,078 [INFO] main: Синхронная обработка завершена, ожидание 10 мин
2025-11-11 01:18:08,082 [INFO] main: Запуск синхронной обработки исторических данных
2025-11-11 01:18:08,082 [INFO] main: Старт обработки трейдера Steven_Binanc
2025-11-11 01:30:45,492 [INFO] main: Конец обработки трейдера Steven_Binanc
2025-11-11 01:30:45,492 [INFO] main: Синхронная обработка завершена, ожидание 10 мин
2025-11-11 01:35:45,492 [INFO] main: Запуск синхронной обработки исторических данных
2025-11-11 01:35:45,495 [INFO] main: Старт обработки трейдера Steven_Binanc
2025-11-11 01:39:05,084 [ERROR] main: Ошибка: HTTPSConnectionPool(host='rest.unity.finance', port=443): Read timed out. (read timeout=15)
2025-11-11 01:39:05,085 [INFO] main: Синхронная обработка завершена, ожидание 10 мин
2025-11-11 01:44:05,090 [INFO] main: Запуск синхронной обработки исторических данных
2025-11-11 01:44:05,090 [INFO] main: Старт обработки трейдера Steven_Binanc
2025-11-11 01:57:15,353 [INFO] main: Конец обработки трейдера Steven_Binanc
2025-11-11 01:57:15,357 [INFO] main: Синхронная обработка завершена, ожидание 10 мин
2025-11-11 02:02:15,362 [INFO] main: Запуск синхронной обработки исторических данных
2025-11-11 02:02:15,362 [INFO] main: Старт обработки трейдера Steven_Binanc
2025-11-11 02:22:35,040 [INFO] main: Конец обработки трейдера Steven_Binanc
2025-11-11 02:22:35,040 [INFO] main: Синхронная обработка завершена, ожидание 10 мин
2025-11-11 02:27:35,054 [INFO] main: Запуск синхронной обработки исторических данных
2025-11-11 02:27:35,054 [INFO] main: Старт обработки трейдера Steven_Binanc
2025-11-11 03:05:29,326 [INFO] main: Конец обработки трейдера Steven_Binanc
2025-11-11 03:05:29,326 [INFO] main: Синхронная обработка завершена, ожидание 10 мин
2025-11-11 03:10:29,334 [INFO] main: Запуск синхронной обработки исторических данных
2025-11-11 03:10:29,334 [INFO] main: Старт обработки трейдера Steven_Binanc
2025-11-11 03:53:48,505 [INFO] main: Конец обработки трейдера Steven_Binanc
2025-11-11 03:53:48,507 [INFO] main: Синхронная обработка завершена, ожидание 10 мин
2025-11-11 03:58:48,537 [INFO] main: Запуск синхронной обработки исторических данных
2025-11-11 03:58:48,537 [INFO] main: Старт обработки трейдера Steven_Binanc
2025-11-11 04:21:49,560 [INFO] main: Конец обработки трейдера Steven_Binanc
2025-11-11 04:21:49,560 [INFO] main: Синхронная обработка завершена, ожидание 10 мин
2025-11-11 04:26:49,568 [INFO] main: Запуск синхронной обработки исторических данных
2025-11-11 04:26:49,568 [INFO] main: Старт обработки трейдера Steven_Binanc
2025-11-11 04:51:29,673 [INFO] main: Конец обработки трейдера Steven_Binanc
2025-11-11 04:51:29,675 [INFO] main: Синхронная обработка завершена, ожидание 10 мин
2025-11-11 04:56:29,689 [INFO] main: Запуск синхронной обработки исторических данных
2025-11-11 04:56:29,689 [INFO] main: Старт обработки трейдера Steven_Binanc
2025-11-11 05:27:33,939 [INFO] main: Конец обработки трейдера Steven_Binanc
2025-11-11 05:27:33,939 [INFO] main: Синхронная обработка завершена, ожидание 10 мин
2025-11-11 05:32:33,937 [INFO] main: Запуск синхронной обработки исторических данных
2025-11-11 05:32:33,937 [INFO] main: Старт обработки трейдера Steven_Binanc
2025-11-11 06:03:25,631 [ERROR] main: Ошибка: HTTPSConnectionPool(host='rest.unity.finance', port=443): Max retries exceeded with url: /api/v1/addDirectTrade (Caused by ConnectTimeoutError(<urllib3.connection.HTTPSConnection object at 0x0000017C03CDB430>, 'Connection to rest.unity.finance timed out. (connect timeout=15)'))
2025-11-11 06:03:25,631 [INFO] main: Синхронная обработка завершена, ожидание 10 мин
2025-11-11 06:08:25,637 [INFO] main: Запуск синхронной обработки исторических данных
2025-11-11 06:08:25,637 [INFO] main: Старт обработки трейдера Steven_Binanc
2025-11-11 06:36:50,464 [ERROR] main: Ошибка: HTTPSConnectionPool(host='rest.unity.finance', port=443): Read timed out. (read timeout=15)
2025-11-11 06:36:50,464 [INFO] main: Синхронная обработка завершена, ожидание 10 мин
2025-11-11 06:41:50,467 [INFO] main: Запуск синхронной обработки исторических данных
2025-11-11 06:41:50,467 [INFO] main: Старт обработки трейдера Steven_Binanc
2025-11-11 06:43:02,182 [ERROR] main: Ошибка: HTTPSConnectionPool(host='rest.unity.finance', port=443): Read timed out. (read timeout=15)
2025-11-11 06:43:02,182 [INFO] main: Синхронная обработка завершена, ожидание 10 мин
2025-11-11 06:48:02,188 [INFO] main: Запуск синхронной обработки исторических данных
2025-11-11 06:48:02,188 [INFO] main: Старт обработки трейдера Steven_Binanc
2025-11-11 07:04:48,539 [ERROR] main: Ошибка: HTTPSConnectionPool(host='rest.unity.finance', port=443): Read timed out. (read timeout=15)
2025-11-11 07:04:48,539 [INFO] main: Синхронная обработка завершена, ожидание 10 мин
2025-11-11 07:09:48,545 [INFO] main: Запуск синхронной обработки исторических данных
2025-11-11 07:09:48,545 [INFO] main: Старт обработки трейдера Steven_Binanc
2025-11-11 07:50:31,703 [ERROR] main: Ошибка: HTTPSConnectionPool(host='rest.unity.finance', port=443): Read timed out. (read timeout=15)
2025-11-11 07:50:31,703 [INFO] main: Синхронная обработка завершена, ожидание 10 мин
2025-11-11 07:55:31,707 [INFO] main: Запуск синхронной обработки исторических данных
2025-11-11 07:55:31,707 [INFO] main: Старт обработки трейдера Steven_Binanc
2025-11-11 08:24:50,502 [INFO] main: Конец обработки трейдера Steven_Binanc
2025-11-11 08:24:50,502 [INFO] main: Синхронная обработка завершена, ожидание 10 мин
2025-11-11 08:29:50,506 [INFO] main: Запуск синхронной обработки исторических данных
2025-11-11 08:29:50,506 [INFO] main: Старт обработки трейдера Steven_Binanc
2025-11-11 08:47:51,422 [INFO] main: Конец обработки трейдера Steven_Binanc
2025-11-11 08:47:51,426 [INFO] main: Синхронная обработка завершена, ожидание 10 мин
2025-11-11 08:52:51,426 [INFO] main: Запуск синхронной обработки исторических данных
2025-11-11 08:52:51,427 [INFO] main: Старт обработки трейдера Steven_Binanc
2025-11-11 09:00:56,837 [INFO] main: Конец обработки трейдера Steven_Binanc
2025-11-11 09:00:56,837 [INFO] main: Синхронная обработка завершена, ожидание 10 мин
2025-11-11 09:05:56,847 [INFO] main: Запуск синхронной обработки исторических данных
2025-11-11 09:05:56,847 [INFO] main: Старт обработки трейдера Steven_Binanc
2025-11-11 09:14:10,742 [INFO] main: Конец обработки трейдера Steven_Binanc
2025-11-11 09:14:10,761 [INFO] main: Синхронная обработка завершена, ожидание 10 мин
2025-11-11 09:19:10,761 [INFO] main: Запуск синхронной обработки исторических данных
2025-11-11 09:19:10,761 [INFO] main: Старт обработки трейдера Steven_Binanc
2025-11-11 09:27:51,985 [INFO] main: Конец обработки трейдера Steven_Binanc
2025-11-11 09:27:51,985 [INFO] main: Синхронная обработка завершена, ожидание 10 мин
2025-11-11 09:32:51,987 [INFO] main: Запуск синхронной обработки исторических данных
2025-11-11 09:32:51,987 [INFO] main: Старт обработки трейдера Steven_Binanc
2025-11-11 09:42:02,603 [INFO] main: Конец обработки трейдера Steven_Binanc
2025-11-11 09:42:02,619 [INFO] main: Синхронная обработка завершена, ожидание 10 мин
2025-11-11 09:47:02,632 [INFO] main: Запуск синхронной обработки исторических данных
2025-11-11 09:47:02,632 [INFO] main: Старт обработки трейдера Steven_Binanc
2025-11-11 09:58:56,856 [INFO] main: Конец обработки трейдера Steven_Binanc
2025-11-11 09:58:56,856 [INFO] main: Синхронная обработка завершена, ожидание 10 мин
2025-11-11 10:03:56,867 [INFO] main: Запуск синхронной обработки исторических данных
2025-11-11 10:03:56,867 [INFO] main: Старт обработки трейдера Steven_Binanc
2025-11-11 10:16:19,075 [INFO] main: Конец обработки трейдера Steven_Binanc
2025-11-11 10:16:19,091 [INFO] main: Синхронная обработка завершена, ожидание 10 мин
2025-11-11 10:21:19,098 [INFO] main: Запуск синхронной обработки исторических данных
2025-11-11 10:21:19,098 [INFO] main: Старт обработки трейдера Steven_Binanc
2025-11-11 10:37:14,866 [INFO] main: Конец обработки трейдера Steven_Binanc
2025-11-11 10:37:14,866 [INFO] main: Синхронная обработка завершена, ожидание 10 мин
2025-11-11 10:42:14,873 [INFO] main: Запуск синхронной обработки исторических данных
2025-11-11 10:42:14,873 [INFO] main: Старт обработки трейдера Steven_Binanc
2025-11-11 10:49:16,031 [INFO] main: Конец обработки трейдера Steven_Binanc
2025-11-11 10:49:16,031 [INFO] main: Синхронная обработка завершена, ожидание 10 мин
2025-11-11 10:54:16,036 [INFO] main: Запуск синхронной обработки исторических данных
2025-11-11 10:54:16,036 [INFO] main: Старт обработки трейдера Steven_Binanc
2025-11-11 11:11:25,362 [INFO] main: Конец обработки трейдера Steven_Binanc
2025-11-11 11:11:25,362 [INFO] main: Синхронная обработка завершена, ожидание 10 мин
2025-11-11 11:16:25,367 [INFO] main: Запуск синхронной обработки исторических данных
2025-11-11 11:16:25,367 [INFO] main: Старт обработки трейдера Steven_Binanc
2025-11-11 11:32:26,594 [INFO] main: Конец обработки трейдера Steven_Binanc
2025-11-11 11:32:26,610 [INFO] main: Синхронная обработка завершена, ожидание 10 мин
2025-11-11 11:37:26,615 [INFO] main: Запуск синхронной обработки исторических данных
2025-11-11 11:37:26,615 [INFO] main: Старт обработки трейдера Steven_Binanc
2025-11-11 11:51:37,826 [INFO] main: Конец обработки трейдера Steven_Binanc
2025-11-11 11:51:37,826 [INFO] main: Синхронная обработка завершена, ожидание 10 мин
2025-11-11 11:56:37,833 [INFO] main: Запуск синхронной обработки исторических данных
2025-11-11 11:56:37,833 [INFO] main: Старт обработки трейдера Steven_Binanc
2025-11-11 12:05:30,547 [INFO] main: Конец обработки трейдера Steven_Binanc
2025-11-11 12:05:30,547 [INFO] main: Синхронная обработка завершена, ожидание 10 мин
2025-11-11 12:10:30,549 [INFO] main: Запуск синхронной обработки исторических данных
2025-11-11 12:10:30,549 [INFO] main: Старт обработки трейдера Steven_Binanc
2025-11-11 12:16:53,944 [INFO] main: Конец обработки трейдера Steven_Binanc
2025-11-11 12:16:53,944 [INFO] main: Синхронная обработка завершена, ожидание 10 мин
2025-11-11 12:21:53,955 [INFO] main: Запуск синхронной обработки исторических данных
2025-11-11 12:21:53,955 [INFO] main: Старт обработки трейдера Steven_Binanc
2025-11-11 12:29:19,870 [INFO] main: Конец обработки трейдера Steven_Binanc
2025-11-11 12:29:19,870 [INFO] main: Синхронная обработка завершена, ожидание 10 мин
2025-11-11 12:34:19,877 [INFO] main: Запуск синхронной обработки исторических данных
2025-11-11 12:34:19,877 [INFO] main: Старт обработки трейдера Steven_Binanc
2025-11-11 12:41:47,147 [INFO] main: Конец обработки трейдера Steven_Binanc
2025-11-11 12:41:47,147 [INFO] main: Синхронная обработка завершена, ожидание 10 мин
2025-11-11 12:46:47,162 [INFO] main: Запуск синхронной обработки исторических данных
2025-11-11 12:46:47,162 [INFO] main: Старт обработки трейдера Steven_Binanc
2025-11-11 12:53:06,231 [INFO] main: Конец обработки трейдера Steven_Binanc
2025-11-11 12:53:06,247 [INFO] main: Синхронная обработка завершена, ожидание 10 мин
2025-11-11 12:58:06,261 [INFO] main: Запуск синхронной обработки исторических данных
2025-11-11 12:58:06,261 [INFO] main: Старт обработки трейдера Steven_Binanc
2025-11-11 13:04:31,335 [INFO] main: Конец обработки трейдера Steven_Binanc
2025-11-11 13:04:31,335 [INFO] main: Синхронная обработка завершена, ожидание 10 мин
2025-11-11 13:09:31,346 [INFO] main: Запуск синхронной обработки исторических данных
2025-11-11 13:09:31,346 [INFO] main: Старт обработки трейдера Steven_Binanc
2025-11-11 13:15:51,092 [INFO] main: Конец обработки трейдера Steven_Binanc
2025-11-11 13:15:51,092 [INFO] main: Синхронная обработка завершена, ожидание 10 мин
2025-11-11 13:20:51,116 [INFO] main: Запуск синхронной обработки исторических данных
2025-11-11 13:20:51,116 [INFO] main: Старт обработки трейдера Steven_Binanc
2025-11-11 13:26:58,913 [INFO] main: Конец обработки трейдера Steven_Binanc
2025-11-11 13:26:58,913 [INFO] main: Синхронная обработка завершена, ожидание 10 мин
2025-11-11 13:31:58,920 [INFO] main: Запуск синхронной обработки исторических данных
2025-11-11 13:31:58,920 [INFO] main: Старт обработки трейдера Steven_Binanc
2025-11-11 13:38:06,356 [INFO] main: Конец обработки трейдера Steven_Binanc
2025-11-11 13:38:06,356 [INFO] main: Синхронная обработка завершена, ожидание 10 мин
2025-11-11 13:43:06,365 [INFO] main: Запуск синхронной обработки исторических данных
2025-11-11 13:43:06,365 [INFO] main: Старт обработки трейдера Steven_Binanc
2025-11-11 13:49:13,521 [INFO] main: Конец обработки трейдера Steven_Binanc
2025-11-11 13:49:13,537 [INFO] main: Синхронная обработка завершена, ожидание 10 мин
2025-11-11 13:54:13,542 [INFO] main: Запуск синхронной обработки исторических данных
2025-11-11 13:54:13,542 [INFO] main: Старт обработки трейдера Steven_Binanc
2025-11-11 14:00:22,187 [INFO] main: Конец обработки трейдера Steven_Binanc
2025-11-11 14:00:22,187 [INFO] main: Синхронная обработка завершена, ожидание 10 мин
2025-11-11 14:05:22,189 [INFO] main: Запуск синхронной обработки исторических данных
2025-11-11 14:05:22,189 [INFO] main: Старт обработки трейдера Steven_Binanc
2025-11-11 14:11:28,359 [INFO] main: Конец обработки трейдера Steven_Binanc
2025-11-11 14:11:28,362 [INFO] main: Синхронная обработка завершена, ожидание 10 мин
2025-11-11 14:16:28,365 [INFO] main: Запуск синхронной обработки исторических данных
2025-11-11 14:16:28,365 [INFO] main: Старт обработки трейдера Steven_Binanc
2025-11-11 14:22:28,184 [INFO] main: Конец обработки трейдера Steven_Binanc
2025-11-11 14:22:28,187 [INFO] main: Синхронная обработка завершена, ожидание 10 мин
2025-11-11 14:27:28,201 [INFO] main: Запуск синхронной обработки исторических данных
2025-11-11 14:27:28,201 [INFO] main: Старт обработки трейдера Steven_Binanc
2025-11-11 14:31:13,012 [INFO] main: Завершение работы по Ctrl+C
2025-11-13 11:47:33,640 [INFO] main: Запуск синхронной обработки исторических данных
2025-11-13 11:47:33,641 [INFO] main: Старт обработки трейдера Steven_Binanc
2025-11-13 11:49:04,814 [ERROR] main: Ошибка: [Errno 22] Invalid argument
2025-11-13 11:49:04,816 [INFO] main: Синхронная обработка завершена, ожидание 10 мин
2025-11-13 11:51:27,952 [INFO] main: Запуск синхронной обработки исторических данных
2025-11-13 11:51:27,952 [INFO] main: Старт обработки трейдера Steven_Binanc
2025-11-13 11:52:18,849 [ERROR] main: Ошибка: [Errno 22] Invalid argument
2025-11-13 11:52:18,852 [INFO] main: Синхронная обработка завершена, ожидание 10 мин
2025-11-13 11:54:04,816 [INFO] main: Запуск синхронной обработки исторических данных
2025-11-13 11:54:04,817 [INFO] main: Старт обработки трейдера Steven_Binanc
2025-11-13 11:54:05,619 [ERROR] main: Ошибка: [Errno 22] Invalid argument
2025-11-13 11:54:05,622 [INFO] main: Синхронная обработка завершена, ожидание 10 мин
2025-11-13 11:54:47,747 [INFO] main: Запуск синхронной обработки исторических данных
2025-11-13 11:54:47,747 [INFO] main: Старт обработки трейдера Steven_Binanc
2025-11-13 11:56:18,035 [ERROR] main: Ошибка: [Errno 22] Invalid argument
2025-11-13 11:56:18,037 [INFO] main: Синхронная обработка завершена, ожидание 10 мин
2025-11-13 11:57:18,852 [INFO] main: Запуск синхронной обработки исторических данных
2025-11-13 11:57:18,852 [INFO] main: Старт обработки трейдера Steven_Binanc
2025-11-13 11:57:19,661 [ERROR] main: Ошибка: [Errno 22] Invalid argument
2025-11-13 11:57:19,662 [INFO] main: Синхронная обработка завершена, ожидание 10 мин
2025-11-13 11:59:05,622 [INFO] main: Запуск синхронной обработки исторических данных
2025-11-13 11:59:05,623 [INFO] main: Старт обработки трейдера Steven_Binanc
2025-11-13 11:59:06,299 [ERROR] main: Ошибка: [Errno 22] Invalid argument
2025-11-13 11:59:06,301 [INFO] main: Синхронная обработка завершена, ожидание 10 мин
2025-11-13 12:01:18,038 [INFO] main: Запуск синхронной обработки исторических данных
2025-11-13 12:01:18,038 [INFO] main: Старт обработки трейдера Steven_Binanc
2025-11-13 12:01:19,371 [ERROR] main: Ошибка: [Errno 22] Invalid argument
2025-11-13 12:01:19,372 [INFO] main: Синхронная обработка завершена, ожидание 10 мин
2025-11-13 12:02:16,471 [INFO] main: Запуск синхронной обработки исторических данных
2025-11-13 12:02:16,471 [INFO] main: Старт обработки трейдера Steven_Binanc
2025-11-13 12:02:19,663 [INFO] main: Запуск синхронной обработки исторических данных
2025-11-13 12:02:19,663 [INFO] main: Старт обработки трейдера Steven_Binanc
2025-11-13 12:02:20,886 [ERROR] main: Ошибка: [Errno 22] Invalid argument
2025-11-13 12:02:20,889 [INFO] main: Синхронная обработка завершена, ожидание 10 мин
2025-11-13 12:02:20,910 [ERROR] main: Ошибка: [Errno 22] Invalid argument
2025-11-13 12:02:20,912 [INFO] main: Синхронная обработка завершена, ожидание 10 мин
2025-11-13 12:02:49,099 [INFO] main: Запуск синхронной обработки исторических данных
2025-11-13 12:02:49,099 [INFO] main: Старт обработки трейдера Steven_Binanc
2025-11-13 12:02:57,039 [ERROR] main: Ошибка: [Errno 22] Invalid argument
2025-11-13 12:02:57,042 [INFO] main: Синхронная обработка завершена, ожидание 10 мин
2025-11-13 12:04:06,301 [INFO] main: Запуск синхронной обработки исторических данных
2025-11-13 12:04:06,301 [INFO] main: Старт обработки трейдера Steven_Binanc
2025-11-13 12:04:07,030 [ERROR] main: Ошибка: [Errno 22] Invalid argument
2025-11-13 12:04:07,032 [INFO] main: Синхронная обработка завершена, ожидание 10 мин
2025-11-13 12:05:24,266 [INFO] main: Запуск синхронной обработки исторических данных
2025-11-13 12:05:24,266 [INFO] main: Старт обработки трейдера Steven_Binanc
2025-11-13 12:07:20,182 [INFO] main: Запуск синхронной обработки исторических данных
2025-11-13 12:07:20,182 [INFO] main: Старт обработки трейдера Steven_Binanc
2025-11-13 12:07:30,175 [ERROR] main: Ошибка: [Errno 22] Invalid argument
2025-11-13 12:07:30,177 [INFO] main: Синхронная обработка завершена, ожидание 10 мин
2025-11-13 12:09:27,927 [INFO] main: Запуск синхронной обработки исторических данных
2025-11-13 12:09:27,928 [INFO] main: Старт обработки трейдера Steven_Binanc
2025-11-13 12:10:55,792 [ERROR] main: Ошибка: [Errno 22] Invalid argument
2025-11-13 12:10:55,794 [INFO] main: Синхронная обработка завершена, ожидание 10 мин
2025-11-13 12:11:36,267 [INFO] main: Запуск синхронной обработки исторических данных
2025-11-13 12:11:36,267 [INFO] main: Старт обработки трейдера Steven_Binanc
2025-11-13 12:11:50,558 [ERROR] main: Ошибка: [Errno 22] Invalid argument
2025-11-13 12:11:50,561 [INFO] main: Синхронная обработка завершена, ожидание 10 мин
2025-11-13 12:11:56,545 [INFO] main: Запуск синхронной обработки исторических данных
2025-11-13 12:11:56,545 [INFO] main: Старт обработки трейдера Steven_Binanc
2025-11-13 12:11:57,405 [ERROR] main: Ошибка: [Errno 22] Invalid argument
2025-11-13 12:11:57,428 [INFO] main: Синхронная обработка завершена, ожидание 10 мин
2025-11-13 12:12:05,615 [INFO] main: Запуск синхронной обработки исторических данных
2025-11-13 12:12:05,615 [INFO] main: Старт обработки трейдера Steven_Binanc
2025-11-13 12:12:17,756 [ERROR] main: Ошибка: [Errno 22] Invalid argument
2025-11-13 12:12:17,758 [INFO] main: Синхронная обработка завершена, ожидание 10 мин
2025-11-13 12:12:20,900 [INFO] main: Запуск синхронной обработки исторических данных
2025-11-13 12:12:20,900 [INFO] main: Старт обработки трейдера Steven_Binanc
2025-11-13 12:12:41,516 [ERROR] main: Ошибка: [Errno 22] Invalid argument
2025-11-13 12:12:41,519 [INFO] main: Синхронная обработка завершена, ожидание 10 мин
2025-11-13 12:13:28,854 [INFO] main: Запуск синхронной обработки исторических данных
2025-11-13 12:13:28,854 [INFO] main: Старт обработки трейдера Steven_Binanc
2025-11-13 12:14:11,348 [ERROR] main: Ошибка: [Errno 22] Invalid argument
2025-11-13 12:14:11,352 [INFO] main: Синхронная обработка завершена, ожидание 10 мин
2025-11-13 12:15:18,505 [INFO] main: Запуск синхронной обработки исторических данных
2025-11-13 12:15:18,506 [INFO] main: Старт обработки трейдера Steven_Binanc
2025-11-13 12:15:20,988 [ERROR] main: Ошибка: [Errno 22] Invalid argument
2025-11-13 12:15:20,992 [INFO] main: Синхронная обработка завершена, ожидание 10 мин
2025-11-13 12:15:26,387 [INFO] main: Запуск синхронной обработки исторических данных
2025-11-13 12:15:26,387 [INFO] main: Старт обработки трейдера Steven_Binanc
2025-11-13 12:15:31,023 [ERROR] main: Ошибка: [Errno 22] Invalid argument
2025-11-13 12:15:31,027 [INFO] main: Синхронная обработка завершена, ожидание 10 мин
2025-11-13 12:15:55,794 [INFO] main: Запуск синхронной обработки исторических данных
2025-11-13 12:15:55,794 [INFO] main: Старт обработки трейдера Steven_Binanc
2025-11-13 12:15:56,617 [ERROR] main: Ошибка: [Errno 22] Invalid argument
2025-11-13 12:15:56,618 [INFO] main: Синхронная обработка завершена, ожидание 10 мин
2025-11-13 12:16:50,562 [INFO] main: Запуск синхронной обработки исторических данных
2025-11-13 12:16:50,563 [INFO] main: Старт обработки трейдера Steven_Binanc
2025-11-13 12:16:51,414 [ERROR] main: Ошибка: [Errno 22] Invalid argument
2025-11-13 12:16:51,415 [INFO] main: Синхронная обработка завершена, ожидание 10 мин
2025-11-13 12:16:57,428 [INFO] main: Запуск синхронной обработки исторических данных
2025-11-13 12:16:57,428 [INFO] main: Старт обработки трейдера Steven_Binanc
2025-11-13 12:16:58,335 [ERROR] main: Ошибка: [Errno 22] Invalid argument
2025-11-13 12:16:58,336 [INFO] main: Синхронная обработка завершена, ожидание 10 мин
2025-11-13 12:17:17,759 [INFO] main: Запуск синхронной обработки исторических данных
2025-11-13 12:17:17,759 [INFO] main: Старт обработки трейдера Steven_Binanc
2025-11-13 12:17:18,507 [ERROR] main: Ошибка: [Errno 22] Invalid argument
2025-11-13 12:17:18,508 [INFO] main: Синхронная обработка завершена, ожидание 10 мин
2025-11-13 12:17:41,519 [INFO] main: Запуск синхронной обработки исторических данных
2025-11-13 12:17:41,519 [INFO] main: Старт обработки трейдера Steven_Binanc
2025-11-13 12:17:43,311 [ERROR] main: Ошибка: [Errno 22] Invalid argument
2025-11-13 12:17:43,312 [INFO] main: Синхронная обработка завершена, ожидание 10 мин
2025-11-13 12:18:54,889 [INFO] main: Запуск синхронной обработки исторических данных
2025-11-13 12:18:54,889 [INFO] main: Старт обработки трейдера Steven_Binanc
2025-11-13 12:19:11,352 [INFO] main: Запуск синхронной обработки исторических данных
2025-11-13 12:19:11,352 [INFO] main: Старт обработки трейдера Steven_Binanc
2025-11-13 12:19:12,560 [ERROR] main: Ошибка: [Errno 22] Invalid argument
2025-11-13 12:19:12,561 [INFO] main: Синхронная обработка завершена, ожидание 10 мин
2025-11-13 12:20:17,597 [INFO] main: Запуск синхронной обработки исторических данных
2025-11-13 12:20:17,597 [INFO] main: Старт обработки трейдера Steven_Binanc
2025-11-13 12:20:24,128 [INFO] main: Запуск синхронной обработки исторических данных
2025-11-13 12:20:24,129 [INFO] main: Старт обработки трейдера Steven_Binanc
2025-11-13 12:20:25,115 [ERROR] main: Ошибка: [Errno 22] Invalid argument
2025-11-13 12:20:25,116 [INFO] main: Синхронная обработка завершена, ожидание 10 мин
2025-11-13 12:20:34,164 [INFO] main: Запуск синхронной обработки исторических данных
2025-11-13 12:20:34,164 [INFO] main: Старт обработки трейдера Steven_Binanc
2025-11-13 12:20:35,468 [ERROR] main: Ошибка: [Errno 22] Invalid argument
2025-11-13 12:20:35,470 [INFO] main: Синхронная обработка завершена, ожидание 10 мин
2025-11-13 12:20:59,754 [INFO] main: Запуск синхронной обработки исторических данных
2025-11-13 12:20:59,755 [INFO] main: Старт обработки трейдера Steven_Binanc
2025-11-13 12:21:00,817 [ERROR] main: Ошибка: [Errno 22] Invalid argument
2025-11-13 12:21:00,818 [INFO] main: Синхронная обработка завершена, ожидание 10 мин
2025-11-13 12:21:47,242 [INFO] main: Запуск синхронной обработки исторических данных
2025-11-13 12:21:47,242 [INFO] main: Старт обработки трейдера Steven_Binanc
2025-11-13 12:21:54,552 [INFO] main: Запуск синхронной обработки исторических данных
2025-11-13 12:21:54,552 [INFO] main: Старт обработки трейдера Steven_Binanc
2025-11-13 12:21:55,362 [ERROR] main: Ошибка: [Errno 22] Invalid argument
2025-11-13 12:21:55,364 [INFO] main: Синхронная обработка завершена, ожидание 10 мин
2025-11-13 12:21:58,617 [INFO] main: Запуск синхронной обработки исторических данных
2025-11-13 12:21:58,617 [INFO] main: Старт обработки трейдера Steven_Binanc
2025-11-13 12:22:01,473 [INFO] main: Запуск синхронной обработки исторических данных
2025-11-13 12:22:01,473 [INFO] main: Старт обработки трейдера Steven_Binanc
2025-11-13 12:22:02,429 [ERROR] main: Ошибка: [Errno 22] Invalid argument
2025-11-13 12:22:02,430 [INFO] main: Синхронная обработка завершена, ожидание 10 мин
2025-11-13 12:22:21,645 [INFO] main: Запуск синхронной обработки исторических данных
2025-11-13 12:22:21,645 [INFO] main: Старт обработки трейдера Steven_Binanc
2025-11-13 12:22:22,491 [ERROR] main: Ошибка: [Errno 22] Invalid argument
2025-11-13 12:22:22,493 [INFO] main: Синхронная обработка завершена, ожидание 10 мин
2025-11-13 12:22:46,449 [INFO] main: Запуск синхронной обработки исторических данных
2025-11-13 12:22:46,449 [INFO] main: Старт обработки трейдера Steven_Binanc
2025-11-13 12:22:48,455 [ERROR] main: Ошибка: [Errno 22] Invalid argument
2025-11-13 12:22:48,456 [INFO] main: Синхронная обработка завершена, ожидание 10 мин
2025-11-13 12:23:16,613 [INFO] main: Запуск синхронной обработки исторических данных
2025-11-13 12:23:16,614 [INFO] main: Старт обработки трейдера Steven_Binanc
2025-11-13 12:23:25,643 [INFO] main: Запуск синхронной обработки исторических данных
2025-11-13 12:23:25,643 [INFO] main: Старт обработки трейдера Steven_Binanc
2025-11-13 12:24:15,698 [INFO] main: Запуск синхронной обработки исторических данных
2025-11-13 12:24:15,698 [INFO] main: Старт обработки трейдера Steven_Binanc
2025-11-13 12:24:16,689 [ERROR] main: Ошибка: [Errno 22] Invalid argument
2025-11-13 12:24:16,690 [INFO] main: Синхронная обработка завершена, ожидание 10 мин
2025-11-13 12:25:25,117 [INFO] main: Запуск синхронной обработки исторических данных
2025-11-13 12:25:25,117 [INFO] main: Старт обработки трейдера Steven_Binanc
2025-11-13 12:25:26,322 [ERROR] main: Ошибка: [Errno 22] Invalid argument
2025-11-13 12:25:26,323 [INFO] main: Синхронная обработка завершена, ожидание 10 мин
2025-11-13 12:25:35,470 [INFO] main: Запуск синхронной обработки исторических данных
2025-11-13 12:25:35,470 [INFO] main: Старт обработки трейдера Steven_Binanc
2025-11-13 12:25:36,615 [ERROR] main: Ошибка: [Errno 22] Invalid argument
2025-11-13 12:25:36,616 [INFO] main: Синхронная обработка завершена, ожидание 10 мин
2025-11-13 12:26:00,818 [INFO] main: Запуск синхронной обработки исторических данных
2025-11-13 12:26:00,819 [INFO] main: Старт обработки трейдера Steven_Binanc
2025-11-13 12:26:01,994 [ERROR] main: Ошибка: [Errno 22] Invalid argument
2025-11-13 12:26:01,995 [INFO] main: Синхронная обработка завершена, ожидание 10 мин
2025-11-13 12:26:55,364 [INFO] main: Запуск синхронной обработки исторических данных
2025-11-13 12:26:55,364 [INFO] main: Старт обработки трейдера Steven_Binanc
2025-11-13 12:26:56,225 [ERROR] main: Ошибка: [Errno 22] Invalid argument
2025-11-13 12:26:56,226 [INFO] main: Синхронная обработка завершена, ожидание 10 мин
2025-11-13 12:27:02,451 [INFO] main: Запуск синхронной обработки исторических данных
2025-11-13 12:27:02,451 [INFO] main: Старт обработки трейдера Steven_Binanc
2025-11-13 12:27:03,360 [ERROR] main: Ошибка: [Errno 22] Invalid argument
2025-11-13 12:27:03,361 [INFO] main: Синхронная обработка завершена, ожидание 10 мин
2025-11-13 12:27:22,493 [INFO] main: Запуск синхронной обработки исторических данных
2025-11-13 12:27:22,494 [INFO] main: Старт обработки трейдера Steven_Binanc
2025-11-13 12:27:23,373 [ERROR] main: Ошибка: [Errno 22] Invalid argument
2025-11-13 12:27:23,375 [INFO] main: Синхронная обработка завершена, ожидание 10 мин
2025-11-13 12:27:48,456 [INFO] main: Запуск синхронной обработки исторических данных
2025-11-13 12:27:48,456 [INFO] main: Старт обработки трейдера Steven_Binanc
2025-11-13 12:27:50,400 [ERROR] main: Ошибка: [Errno 22] Invalid argument
2025-11-13 12:27:50,403 [INFO] main: Синхронная обработка завершена, ожидание 10 мин
2025-11-13 12:29:16,691 [INFO] main: Запуск синхронной обработки исторических данных
2025-11-13 12:29:16,691 [INFO] main: Старт обработки трейдера Steven_Binanc
2025-11-13 12:29:17,624 [ERROR] main: Ошибка: [Errno 22] Invalid argument
2025-11-13 12:29:17,625 [INFO] main: Синхронная обработка завершена, ожидание 10 мин
2025-11-13 12:30:26,323 [INFO] main: Запуск синхронной обработки исторических данных
2025-11-13 12:30:26,323 [INFO] main: Старт обработки трейдера Steven_Binanc
2025-11-13 12:30:28,224 [ERROR] main: Ошибка: [Errno 22] Invalid argument
2025-11-13 12:30:28,226 [INFO] main: Синхронная обработка завершена, ожидание 10 мин
2025-11-13 12:30:36,617 [INFO] main: Запуск синхронной обработки исторических данных
2025-11-13 12:30:36,617 [INFO] main: Старт обработки трейдера Steven_Binanc
2025-11-13 12:30:37,506 [ERROR] main: Ошибка: [Errno 22] Invalid argument
2025-11-13 12:30:37,508 [INFO] main: Синхронная обработка завершена, ожидание 10 мин
2025-11-13 12:31:01,996 [INFO] main: Запуск синхронной обработки исторических данных
2025-11-13 12:31:01,996 [INFO] main: Старт обработки трейдера Steven_Binanc
2025-11-13 12:31:03,097 [ERROR] main: Ошибка: [Errno 22] Invalid argument
2025-11-13 12:31:03,098 [INFO] main: Синхронная обработка завершена, ожидание 10 мин
2025-11-13 12:31:56,226 [INFO] main: Запуск синхронной обработки исторических данных
2025-11-13 12:31:56,227 [INFO] main: Старт обработки трейдера Steven_Binanc
2025-11-13 12:31:57,225 [ERROR] main: Ошибка: [Errno 22] Invalid argument
2025-11-13 12:31:57,226 [INFO] main: Синхронная обработка завершена, ожидание 10 мин
2025-11-13 12:32:03,361 [INFO] main: Запуск синхронной обработки исторических данных
2025-11-13 12:32:03,361 [INFO] main: Старт обработки трейдера Steven_Binanc
2025-11-13 12:32:04,293 [ERROR] main: Ошибка: [Errno 22] Invalid argument
2025-11-13 12:32:04,294 [INFO] main: Синхронная обработка завершена, ожидание 10 мин
2025-11-13 12:32:23,376 [INFO] main: Запуск синхронной обработки исторических данных
2025-11-13 12:32:23,376 [INFO] main: Старт обработки трейдера Steven_Binanc
2025-11-13 12:32:24,352 [ERROR] main: Ошибка: [Errno 22] Invalid argument
2025-11-13 12:32:24,353 [INFO] main: Синхронная обработка завершена, ожидание 10 мин
2025-11-13 12:32:50,403 [INFO] main: Запуск синхронной обработки исторических данных
2025-11-13 12:32:50,404 [INFO] main: Старт обработки трейдера Steven_Binanc
2025-11-13 12:32:51,619 [ERROR] main: Ошибка: [Errno 22] Invalid argument
2025-11-13 12:32:51,621 [INFO] main: Синхронная обработка завершена, ожидание 10 мин
2025-11-13 12:34:17,626 [INFO] main: Запуск синхронной обработки исторических данных
2025-11-13 12:34:17,626 [INFO] main: Старт обработки трейдера Steven_Binanc
2025-11-13 12:34:19,049 [ERROR] main: Ошибка: [Errno 22] Invalid argument
2025-11-13 12:34:19,051 [INFO] main: Синхронная обработка завершена, ожидание 10 мин
2025-11-13 12:35:28,226 [INFO] main: Запуск синхронной обработки исторических данных
2025-11-13 12:35:28,227 [INFO] main: Старт обработки трейдера Steven_Binanc
2025-11-13 12:35:29,491 [ERROR] main: Ошибка: [Errno 22] Invalid argument
2025-11-13 12:35:29,493 [INFO] main: Синхронная обработка завершена, ожидание 10 мин
2025-11-13 12:35:37,508 [INFO] main: Запуск синхронной обработки исторических данных
2025-11-13 12:35:37,508 [INFO] main: Старт обработки трейдера Steven_Binanc
2025-11-13 12:35:38,419 [ERROR] main: Ошибка: [Errno 22] Invalid argument
2025-11-13 12:35:38,421 [INFO] main: Синхронная обработка завершена, ожидание 10 мин
2025-11-13 12:36:03,099 [INFO] main: Запуск синхронной обработки исторических данных
2025-11-13 12:36:03,099 [INFO] main: Старт обработки трейдера Steven_Binanc
2025-11-13 12:36:04,053 [ERROR] main: Ошибка: [Errno 22] Invalid argument
2025-11-13 12:36:04,055 [INFO] main: Синхронная обработка завершена, ожидание 10 мин
2025-11-13 12:36:57,227 [INFO] main: Запуск синхронной обработки исторических данных
2025-11-13 12:36:57,227 [INFO] main: Старт обработки трейдера Steven_Binanc
2025-11-13 12:36:58,248 [ERROR] main: Ошибка: [Errno 22] Invalid argument
2025-11-13 12:36:58,251 [INFO] main: Синхронная обработка завершена, ожидание 10 мин
2025-11-13 12:37:04,294 [INFO] main: Запуск синхронной обработки исторических данных
2025-11-13 12:37:04,295 [INFO] main: Старт обработки трейдера Steven_Binanc
2025-11-13 12:37:05,254 [ERROR] main: Ошибка: [Errno 22] Invalid argument
2025-11-13 12:37:05,255 [INFO] main: Синхронная обработка завершена, ожидание 10 мин
2025-11-13 12:37:24,354 [INFO] main: Запуск синхронной обработки исторических данных
2025-11-13 12:37:24,354 [INFO] main: Старт обработки трейдера Steven_Binanc
2025-11-13 12:37:25,440 [ERROR] main: Ошибка: [Errno 22] Invalid argument
2025-11-13 12:37:25,441 [INFO] main: Синхронная обработка завершена, ожидание 10 мин
2025-11-13 12:37:51,622 [INFO] main: Запуск синхронной обработки исторических данных
2025-11-13 12:37:51,622 [INFO] main: Старт обработки трейдера Steven_Binanc
2025-11-13 12:37:52,432 [ERROR] main: Ошибка: [Errno 22] Invalid argument
2025-11-13 12:37:52,434 [INFO] main: Синхронная обработка завершена, ожидание 10 мин
2025-11-13 12:39:19,051 [INFO] main: Запуск синхронной обработки исторических данных
2025-11-13 12:39:19,051 [INFO] main: Старт обработки трейдера Steven_Binanc
2025-11-13 12:39:20,144 [ERROR] main: Ошибка: [Errno 22] Invalid argument
2025-11-13 12:39:20,147 [INFO] main: Синхронная обработка завершена, ожидание 10 мин
